0 info it worked if it ends with ok
1 verbose cli [ '/home/fahad/.nvm/versions/node/v4.5.0/bin/node',
1 verbose cli   '/home/fahad/.nvm/versions/node/v4.5.0/bin/npm',
1 verbose cli   'run',
1 verbose cli   'buid' ]
2 info using npm@2.15.9
3 info using node@v4.5.0
4 verbose stack Error: missing script: buid
4 verbose stack     at run (/home/fahad/.nvm/versions/node/v4.5.0/lib/node_modules/npm/lib/run-script.js:142:19)
4 verbose stack     at /home/fahad/.nvm/versions/node/v4.5.0/lib/node_modules/npm/lib/run-script.js:58:5
4 verbose stack     at /home/fahad/.nvm/versions/node/v4.5.0/lib/node_modules/npm/node_modules/read-package-json/read-json.js:356:5
4 verbose stack     at checkBinReferences_ (/home/fahad/.nvm/versions/node/v4.5.0/lib/node_modules/npm/node_modules/read-package-json/read-json.js:320:45)
4 verbose stack     at final (/home/fahad/.nvm/versions/node/v4.5.0/lib/node_modules/npm/node_modules/read-package-json/read-json.js:354:3)
4 verbose stack     at then (/home/fahad/.nvm/versions/node/v4.5.0/lib/node_modules/npm/node_modules/read-package-json/read-json.js:124:5)
4 verbose stack     at /home/fahad/.nvm/versions/node/v4.5.0/lib/node_modules/npm/node_modules/read-package-json/read-json.js:243:12
4 verbose stack     at /home/fahad/.nvm/versions/node/v4.5.0/lib/node_modules/npm/node_modules/graceful-fs/graceful-fs.js:78:16
4 verbose stack     at FSReqWrap.readFileAfterClose [as oncomplete] (fs.js:380:3)
5 verbose cwd /var/www/html/react/react-starter
6 error Linux 3.13.0-24-generic
7 error argv "/home/fahad/.nvm/versions/node/v4.5.0/bin/node" "/home/fahad/.nvm/versions/node/v4.5.0/bin/npm" "run" "buid"
8 error node v4.5.0
9 error npm  v2.15.9
10 error missing script: buid
11 error If you need help, you may report this error at:
11 error     <https://github.com/npm/npm/issues>
12 verbose exit [ 1, true ]
